<?xml version="1.0" encoding="UTF-8"?>
<!-- Generated by org.testng.reporters.JUnitReportReporter -->
<testsuite hostname="LAPTOP-H69TK1O3" failures="0" tests="1" name="testScripts.BookTest" time="4.155" errors="0" timestamp="2024-02-08T18:16:24 IST" skipped="0">
  <testcase classname="testScripts.BookTest" name="bookpage_001" time="4.155"/>
</testsuite> <!-- testScripts.BookTest -->
