<?xml version="1.0" encoding="UTF-8"?>
<!-- Generated by org.testng.reporters.JUnitReportReporter -->
<testsuite hostname="LAPTOP-H69TK1O3" failures="0" tests="1" name="reports.Repostexample" time="159.531" errors="0" timestamp="2024-02-06T17:13:13 IST" skipped="0">
  <testcase classname="reports.Repostexample" name="test" time="159.531"/>
</testsuite> <!-- reports.Repostexample -->
